  Running il2cpp.exe in server GC mode.
  Building GameAssembly.dll with MsvcWinRtToolChain
  	Msvc Install Version: 15.0
  	Msvc Install SDK Directory: C:\Program Files (x86)\Windows Kits\10
  	Msvc Linker Path: C:\Program Files (x86)\Microsoft Visual Studio\2019\Community\VC\Tools\MSVC\14.28.29333\bin\HostX64\x86\link.exe
  	Msvc Compiler Path: C:\Program Files (x86)\Microsoft Visual Studio\2019\Community\VC\Tools\MSVC\14.28.29333\bin\HostX64\x86\cl.exe
  
  	Output directory: C:\Users\Mor Levinzon\Desktop\Final Hololens App\build\bin\Win32\Release
  	Cache directory: C:\Users\Mor Levinzon\Desktop\Final Hololens App\build\obj\il2cppOutputProject\Win32\Release
  pch-c.c
  pch-cpp.cpp
  Il2CppGenericMethodPointerTable.cpp
  Il2CppGenericMethodDefinitions.c
  Il2CppMetadataUsage.c
  Il2CppTypeDefinitions.c
  Il2CppGenericMethodTable.c
  Il2CppInteropDataTable.cpp
  Il2CppCompilerCalculateTypeValues3.cpp
  Il2CppAttributes.cpp
  Il2CppCompilerCalculateTypeValues2.cpp
  Il2CppInvokerTable.cpp
  Il2CppCompilerCalculateTypeValues.cpp
  Il2CppCompilerCalculateTypeValues1.cpp
  GenericMethods3.cpp
  mscorlib_CodeGen.c
  Assembly-CSharp5.cpp
  Assembly-CSharp3.cpp
  Il2CppGenericInstDefinitions.c
  Assembly-CSharp4.cpp
  Microsoft.MixedReality.Toolkit.Examples1.cpp
  Assembly-CSharp.cpp
  Microsoft.MixedReality.Toolkit.Examples.cpp
  Microsoft.MixedReality.Toolkit.SDK1.cpp
  Microsoft.MixedReality.Toolkit.SDK6.cpp
  Microsoft.MixedReality.Toolkit.SDK5.cpp
  System6.cpp
  System.Xml5.cpp
  Assembly-CSharp1.cpp
  Il2CppComCallableWrappers3.cpp
  GenericMethods10.cpp
  Microsoft.MixedReality.Toolkit.SDK4.cpp
  Microsoft.MixedReality.Toolkit1.cpp
  Assembly-CSharp2.cpp
  GenericMethods8.cpp
  Microsoft.MixedReality.Toolkit.SDK3.cpp
  mscorlib2.cpp
  System5.cpp
  Unity.TextMeshPro2.cpp
  Microsoft.MixedReality.Toolkit4.cpp
  GenericMethods2.cpp
  Vuforia.UnityExtensions.cpp
  Vuforia.UnityExtensions2.cpp
  Unity.TextMeshPro.cpp
  mscorlib21.cpp
  Unity.TextMeshPro1.cpp
  Microsoft.MixedReality.Toolkit.SDK.cpp
  Generics23.cpp
  Microsoft.MixedReality.Toolkit2.cpp
  mscorlib3.cpp
  GenericMethods13.cpp
  Generics45.cpp
  GenericMethods1.cpp
  Vuforia.UnityExtensions1.cpp
  Microsoft.MixedReality.Toolkit3.cpp
  Generics44.cpp
  GenericMethods15.cpp
  Microsoft.MixedReality.Toolkit.SDK7.cpp
  Microsoft.MixedReality.Toolkit.Services.InputSystem.cpp
  mscorlib1.cpp
  System2.cpp
  System.Xml.cpp
  mscorlib17.cpp
  Unity.TextMeshPro3.cpp
  Microsoft.MixedReality.Toolkit.cpp
  mscorlib18.cpp
  mscorlib8.cpp
  mscorlib11.cpp
  Generics46.cpp
  System.cpp
  Generics24.cpp
  System.Xml3.cpp
  System1.cpp
  GenericMethods11.cpp
  System3.cpp
  mscorlib.cpp
  UnityEngine.UI.cpp
  mscorlib20.cpp
  mscorlib9.cpp
  WindowsRuntimeMetadata.cpp
  System.Net.Http.cpp
  Generics25.cpp
  GenericMethods14.cpp
  mscorlib6.cpp
  GenericMethods6.cpp
  mscorlib15.cpp
  mscorlib13.cpp
  GenericMethods4.cpp
  Generics.cpp
  mscorlib7.cpp
  GenericMethods5.cpp
  Microsoft.MixedReality.Toolkit.SDK2.cpp
  mscorlib19.cpp
  GenericMethods9.cpp
  mscorlib16.cpp
  Generics49.cpp
  mscorlib12.cpp
  System.Xml4.cpp
  Vuforia.UnityExtensions3.cpp
  Generics21.cpp
  Il2CppComCallableWrappers17.cpp
  Generics12.cpp
  Generics34.cpp
  System.Xml2.cpp
  System.Xml6.cpp
  System.Xml1.cpp
  UnityEngine.UI2.cpp
  Unity.TextMeshPro4.cpp
  mscorlib10.cpp
  GenericMethods7.cpp
  Generics11.cpp
  Generics57.cpp
  mscorlib14.cpp
  mscorlib4.cpp
  UnityEngine.CoreModule2.cpp
  Il2CppComCallableWrappers1.cpp
  Microsoft.MixedReality.Toolkit.Services.InputSimulation.cpp
  Il2CppGenericClassTable.c
  UnityEngine.CoreModule1.cpp
  mscorlib5.cpp
  UnityEngine.CoreModule.cpp
  Generics7.cpp
  UnityEngine.IMGUIModule.cpp
  Il2CppComCallableWrappers.cpp
  Generics65.cpp
  Generics35.cpp
  Generics59.cpp
  UnityEngine.UI1.cpp
  Il2CppComCallableWrappers30.cpp
  GenericMethods.cpp
  Generics69.cpp
  Il2CppCompilerCalculateTypeValues4.cpp
  Generics20.cpp
  Il2CppComCallableWrappers15.cpp
  Il2CppComCallableWrappers12.cpp
  Generics50.cpp
  Il2CppComCallableWrappers14.cpp
  Generics9.cpp
  Il2CppComCallableWrappers31.cpp
  Il2CppComCallableWrappers16.cpp
  Il2CppComCallableWrappers26.cpp
  Il2CppComCallableWrappers10.cpp
  Generics36.cpp
  Il2CppComCallableWrappers34.cpp
  Il2CppComCallableWrappers8.cpp
  Il2CppComCallableWrappers28.cpp
  Generics48.cpp
  Il2CppComCallableWrappers20.cpp
  Il2CppComCallableWrappers37.cpp
  Generics41.cpp
  Il2CppComCallableWrappers13.cpp
  Il2CppComCallableWrappers21.cpp
  Il2CppComCallableWrappers22.cpp
  Generics37.cpp
  Generics43.cpp
  Il2CppComCallableWrappers7.cpp
  Il2CppComCallableWrappers5.cpp
  Generics58.cpp
  Il2CppComCallableWrappers19.cpp
  Generics70.cpp
  Il2CppComCallableWrappers23.cpp
  Il2CppComCallableWrappers9.cpp
  Il2CppComCallableWrappers24.cpp
  Il2CppComCallableWrappers36.cpp
  Generics62.cpp
  Generics15.cpp
  Generics42.cpp
  Il2CppComCallableWrappers33.cpp
  Il2CppComCallableWrappers11.cpp
  Il2CppComCallableWrappers35.cpp
  Il2CppComCallableWrappers25.cpp
  Il2CppComCallableWrappers18.cpp
  Mono.Security.cpp
  Generics63.cpp
  Il2CppComCallableWrappers32.cpp
  Generics33.cpp
  Generics22.cpp
  Generics26.cpp
  Generics66.cpp
  System4.cpp
  Generics47.cpp
  Generics14.cpp
  Il2CppComCallableWrappers29.cpp
  Generics8.cpp
  Generics64.cpp
  Generics13.cpp
  Il2CppComCallableWrappers27.cpp
  Il2CppComCallableWrappers6.cpp
  Generics29.cpp
  Generics30.cpp
  Generics10.cpp
  Il2CppProjectedComCallableWrapperMethods1.cpp
  Generics39.cpp
  Generics17.cpp
  Il2CppComCallableWrappers4.cpp
  Generics40.cpp
  Microsoft.MixedReality.Toolkit.Gltf.cpp
  Generics38.cpp
  Generics56.cpp
  Il2CppProjectedComCallableWrapperMethods3.cpp
  Generics32.cpp
  Generics16.cpp
  Generics1.cpp
  Generics19.cpp
  Il2CppProjectedComCallableWrapperMethods2.cpp
  Generics6.cpp
  Generics31.cpp
  Il2CppProjectedComCallableWrapperMethods4.cpp
  GenericMethods16.cpp
  Generics18.cpp
  Generics27.cpp
  Il2CppProjectedComCallableWrapperMethods.cpp
  Generics67.cpp
  Generics28.cpp
  Generics60.cpp
  Generics68.cpp
  System.Xml7.cpp
  Generics53.cpp
  Il2CppComCallableWrappers2.cpp
  Generics55.cpp
  Generics52.cpp
  Generics54.cpp
  Generics61.cpp
  Generics5.cpp
  GenericMethods12.cpp
  Generics51.cpp
  Generics2.cpp
  Generics3.cpp
  Microsoft.MixedReality.Toolkit.SDK_CodeGen.c
  Il2CppCompilerCalculateTypeValuesTable.cpp
  UnityEngine.UI3.cpp
  Generics4.cpp
  I18N.Rare.cpp
  System.Xml_CodeGen.c
  UnresolvedVirtualCallStubs.cpp
  Microsoft.MixedReality.Toolkit.Services.InputSystem1.cpp
  Microsoft.MixedReality.Toolkit.Services.SceneSystem.cpp
  Microsoft.MixedReality.Toolkit_CodeGen.c
  Assembly-CSharp-firstpass.cpp
  Vuforia.UnityExtensions4.cpp
  System_CodeGen.c
  Microsoft.MixedReality.Toolkit.Providers.XRSDK.cpp
  Unity.TextMeshPro5.cpp
  Vuforia.UnityExtensions_CodeGen.c
  Microsoft.MixedReality.Toolkit5.cpp
  Generics71.cpp
  System.Runtime.WindowsRuntime.cpp
  Assembly-CSharp_CodeGen.c
  Unity.XR.WindowsMixedReality.cpp
  UniFileBrowser.cpp
  Microsoft.MixedReality.Toolkit.Extensions.SceneTransitionService.cpp
  System7.cpp
  mscorlib22.cpp
  UnityEngine.CoreModule_CodeGen.c
  UnityEngine.VRModule.cpp
  Microsoft.MixedReality.Toolkit.Services.DiagnosticsSystem.cpp
  I18N.CJK.cpp
  I18N.West.cpp
  Microsoft.MixedReality.Toolkit.Services.InputAnimation.cpp
  I18N.cpp
  UnityEngine.XRModule.cpp
  UnityEngine.AndroidJNIModule.cpp
  Microsoft.MixedReality.Toolkit.Extensions.HandPhysics.cpp
  Microsoft.MixedReality.Toolkit.Providers.XRSDK.WindowsMixedReality.cpp
  Microsoft.MixedReality.Toolkit.Examples2.cpp
  ObjReader.cpp
  WindowsRuntimeMetadata1.cpp
  WindowsRuntimeMetadata_CodeGen.c
  UnityEngine.UnityWebRequestModule.cpp
  I18N.Rare1.cpp
  Microsoft.MixedReality.Toolkit.Providers.WindowsVoiceInput.cpp
  Microsoft.MixedReality.Toolkit.Providers.WindowsMixedReality.Shared.cpp
  UnityEngine.UI_CodeGen.c
  char-conversions.cpp
  Unity.TextMeshPro_CodeGen.c
  Boo.Lang.cpp
  Il2CppProjectedComCallableWrapperMethods5.cpp
  I18N.Other.cpp
  Il2CppComCallableWrappers38.cpp
  UnityEngine.CoreModule3.cpp
  Il2CppGenericComDefinitions.cpp
  System.Core.cpp
  UnityEngine.TextCoreModule.cpp
  Microsoft.MixedReality.Toolkit.Examples_CodeGen.c
  Microsoft.MixedReality.Toolkit.Async.cpp
  VuforiaScripts.cpp
  UnityEngine.PhysicsModule.cpp
  UnityEngine.AnimationModule.cpp
  UnityEngine.TerrainModule.cpp
  UnityEngine.UIModule.cpp
  I18N.MidEast.cpp
  Assembly-CSharp6.cpp
  UnityEngine.TextRenderingModule.cpp
  System.Numerics.cpp
  Mono.Security1.cpp
  Microsoft.MixedReality.Toolkit.Services.TeleportSystem.cpp
  Microsoft.MixedReality.Toolkit.Services.SpatialAwarenessSystem.cpp
  Microsoft.MixedReality.Toolkit.Demos.Gltf.cpp
  UnityEngine.SpatialTracking.cpp
  Microsoft.MixedReality.Toolkit.Extensions.Tracking.cpp
  Microsoft.MixedReality.Toolkit.Services.CameraSystem.cpp
  UnityEngine.Physics2DModule.cpp
  Unity.XR.Management.cpp
  Unity.XR.ARSubsystems.cpp
  UnityEngine.SharedInternalsModule.cpp
  Microsoft.MixedReality.Toolkit.Tools.Runtime.cpp
  UnityEngine.AudioModule.cpp
  UnityEngine.ParticleSystemModule.cpp
  Microsoft.MixedReality.Toolkit.Services.InputSystem_CodeGen.c
  UnityEngine.IMGUIModule_CodeGen.c
  UnityEngine.SubsystemsModule.cpp
  UnityEngine.InputLegacyModule.cpp
  System.Net.Http_CodeGen.c
  Microsoft.MixedReality.Toolkit.Services.InputSimulation_CodeGen.c
  Microsoft.MixedReality.Toolkit.Demos.UX.Interactables.cpp
  System.Runtime.WindowsRuntime.UI.Xaml.cpp
  UnityEngine.UIElementsNativeModule.cpp
  Mono.Security_CodeGen.c
  Unity.XR.InteractionSubsystems.cpp
  UnityEngine.TilemapModule.cpp
  UnityEngine.VideoModule.cpp
  deflate.c
  UnityEngine.UnityAnalyticsModule.cpp
  System.Runtime.WindowsRuntime_CodeGen.c
  Unity.XR.WindowsMixedReality_CodeGen.c
  UnityEngine.IMGUIModule1.cpp
  UnityEngine.UnityWebRequestWWWModule.cpp
  I18N.Rare_CodeGen.c
  System.Core_CodeGen.c
  UnityEngine.VRModule_CodeGen.c
  Microsoft.MixedReality.Toolkit.Gltf_CodeGen.c
  UnityEngine.VFXModule.cpp
  UnityEngine.AndroidJNIModule_CodeGen.c
  System.Configuration.cpp
  inflate.c
  I18N.CJK_CodeGen.c
  UnityEngine.InputModule.cpp
  UnityEngine.UnityWebRequestTextureModule.cpp
  Assembly-CSharp-firstpass_CodeGen.c
  Microsoft.MixedReality.Toolkit.Services.SceneSystem_CodeGen.c
  UnityEngine.JSONSerializeModule.cpp
  UnityEngine.PhysicsModule_CodeGen.c
  trees.c
  Unity.Subsystem.Registration.cpp
  Microsoft.MixedReality.Toolkit.Services.InputAnimation_CodeGen.c
  Microsoft.MixedReality.Toolkit.Extensions.SceneTransitionService_CodeGen.c
  UnityEngine.UnityWebRequestModule_CodeGen.c
  UnityEngine.XRModule_CodeGen.c
  Microsoft.MixedReality.Toolkit.Async_CodeGen.c
  UnityEngine.AssetBundleModule.cpp
  Microsoft.MixedReality.Toolkit.Services.DiagnosticsSystem_CodeGen.c
  UniFileBrowser_CodeGen.c
  UnityEngine.TextCoreModule_CodeGen.c
  xamarin_getifaddrs.c
  UnityEngine.ARModule.cpp
  I18N_CodeGen.c
  UnityEngine.UIModule_CodeGen.c
  UnityEngine.AnimationModule_CodeGen.c
  Microsoft.MixedReality.Toolkit.Demos.InspectorFields.cpp
  Boo.Lang_CodeGen.c
  I18N.West_CodeGen.c
  il2cpp-api.cpp
  UnityEngine.AIModule.cpp
  Unity.XR.ARSubsystems_CodeGen.c
  infback.c
  UnityEngine.DirectorModule.cpp
  Microsoft.MixedReality.Toolkit.Providers.WindowsMixedReality.Shared_CodeGen.c
  gzread.c
  I18N.Other_CodeGen.c
  Microsoft.MixedReality.Toolkit.Providers.XRSDK_CodeGen.c
  gzwrite.c
  UnityEngine.ParticleSystemModule_CodeGen.c
  Microsoft.MixedReality.Toolkit.Providers.WindowsVoiceInput_CodeGen.c
  UnityEngine.TextRenderingModule_CodeGen.c
  UnityEngine.AudioModule_CodeGen.c
  Unity.XR.Management_CodeGen.c
  UnityEngine.SharedInternalsModule_CodeGen.c
  gzlib.c
  Microsoft.MixedReality.Toolkit.Extensions.HandPhysics_CodeGen.c
  Microsoft.MixedReality.Toolkit.Providers.XRSDK.WindowsMixedReality_CodeGen.c
  ObjReader_CodeGen.c
  UnityEngine.Physics2DModule_CodeGen.c
  Il2CppCodeRegistration.cpp
  UnityEngine.TerrainModule_CodeGen.c
  crc32.c
  UnityEngine.SubsystemsModule_CodeGen.c
  UnityEngine.InputLegacyModule_CodeGen.c
  inftrees.c
  inffast.c
  UnityEngine.SpatialTracking_CodeGen.c
  I18N.MidEast_CodeGen.c
  UnityEngine.ImageConversionModule.cpp
  Lump_libil2cpp_icalls.cpp
  Unity.XR.InteractionSubsystems_CodeGen.c
  VuforiaScripts_CodeGen.c
  Microsoft.MixedReality.Toolkit.Services.SpatialAwarenessSystem_CodeGen.c
  Microsoft.MixedReality.Toolkit.Extensions.Tracking_CodeGen.c
  Il2CppReversePInvokeWrapperTable.cpp
  System.Numerics_CodeGen.c
  Microsoft.MixedReality.Toolkit.Services.TeleportSystem_CodeGen.c
  UnityEngine.TilemapModule_CodeGen.c
  UnityEngine.VideoModule_CodeGen.c
  Microsoft.MixedReality.Toolkit.Demos.UX.Interactables_CodeGen.c
  zutil.c
  UnityEngine.UIElementsNativeModule_CodeGen.c
  System.Runtime.WindowsRuntime.UI.Xaml_CodeGen.c
  Microsoft.MixedReality.Toolkit.Services.CameraSystem_CodeGen.c
  UnityEngine.UnityAnalyticsModule_CodeGen.c
  System.Configuration_CodeGen.c
  adler32.c
  UnityEngine.SpriteShapeModule.cpp
  UnityEngine.GridModule.cpp
  UnityEngine.VFXModule_CodeGen.c
  UnityEngine.UnityWebRequestTextureModule_CodeGen.c
  UnityEngine.InputModule_CodeGen.c
  Microsoft.MixedReality.Toolkit.Demos.Gltf_CodeGen.c
  UnityEngine.UnityWebRequestWWWModule_CodeGen.c
  uncompr.c
  Lump_libil2cpp_os.cpp
  compress.c
  UnityScript.Lang.cpp
  WSAAdvertisingBridge.cpp
  Lump_libil2cpp_utils.cpp
  Lump_libil2cpp_metadata.cpp
  gc.c
  Microsoft.MixedReality.Toolkit.Tools.Runtime_CodeGen.c
  UnityEngine.AIModule_CodeGen.c
  UnityEngine.JSONSerializeModule_CodeGen.c
  UnityEngine.ARModule_CodeGen.c
  UnityAdsStubs.cpp
  Microsoft.MixedReality.Toolkit.Demos.InspectorFields_CodeGen.c
  UnityEngine.DirectorModule_CodeGen.c
  krait_signal_handler.c
  UnityEngine.ImageConversionModule_CodeGen.c
  UnityEngine.AssetBundleModule_CodeGen.c
  Unity.Subsystem.Registration_CodeGen.c
  Il2CppMetadataRegistration.c
  System.Numerics.Vectors.cpp
  System.ObjectModel.cpp
  System.Runtime.cpp
  System.Runtime.InteropServices.WindowsRuntime.cpp
  Lump_libil2cpp_vm.cpp
  UnityEngine.cpp
  UnityScript.Lang_CodeGen.c
  UnityEngine.GridModule_CodeGen.c
  gzclose.c
  Lump_libil2cpp_mono.cpp
  il2cpp-benchmark-support.cpp
  System.Runtime.InteropServices.WindowsRuntime_CodeGen.c
  UnityEngine.SpriteShapeModule_CodeGen.c
  Lump_libil2cpp_gc.cpp
  System.Numerics.Vectors_CodeGen.c
  System.ObjectModel_CodeGen.c
  System.Runtime_CodeGen.c
  UnityEngine_CodeGen.c
  Lump_libil2cpp_vm-utils.cpp
  Lump_libil2cpp_mono-runtime.cpp
  Lump_libil2cpp_debugger.cpp
  il2cpp-runtime-stats.cpp
  Lump_libil2cpp_codegen.cpp
  PageContent.cpp
  ObjectFiles: 459 of which compiled: 459
  	Time Compile: 23810 milliseconds Unity.TextMeshPro3.cpp
  	Time Compile: 22489 milliseconds Unity.TextMeshPro4.cpp
  	Time Compile: 15905 milliseconds Lump_libil2cpp_vm.cpp
  	Time Compile: 14435 milliseconds Lump_libil2cpp_os.cpp
  	Time Compile: 14009 milliseconds Il2CppComCallableWrappers20.cpp
  	Time Compile: 13237 milliseconds mscorlib5.cpp
  	Time Compile: 13074 milliseconds Il2CppComCallableWrappers34.cpp
  	Time Compile: 12557 milliseconds Il2CppComCallableWrappers28.cpp
  	Time Compile: 12379 milliseconds System2.cpp
  	Time Compile: 12045 milliseconds Il2CppComCallableWrappers8.cpp
  Total compilation time: 394481 milliseconds.
  Creating library C:\Users\Mor Levinzon\Desktop\Final Hololens App\build\obj\il2cppOutputProject\Win32\Release\linkresult_0937279E785CBD8CD393FB4520FE2AF5\GameAssembly.lib and object C:\Users\Mor Levinzon\Desktop\Final Hololens App\build\obj\il2cppOutputProject\Win32\Release\linkresult_0937279E785CBD8CD393FB4520FE2AF5\GameAssembly.exp
  Total link time: 21475 milliseconds.
  Cleaned up 465 object files.
